<?xml version="1.0" encoding="UTF-8"?>
<testng-results skipped="0" failed="0" total="1" passed="1">
  <reporter-output>
  </reporter-output>
  <suite name="Suite" duration-ms="29" started-at="2017-05-21T11:52:00Z" finished-at="2017-05-21T11:52:00Z">
    <groups>
    </groups>
    <test name="Test" duration-ms="29" started-at="2017-05-21T11:52:00Z" finished-at="2017-05-21T11:52:00Z">
      <class name="login.LoginTest">
        <test-method status="PASS" signature="beforeTest()[pri:0, instance:login.LoginTest@6d00a15d]" name="beforeTest" is-config="true" duration-ms="8" started-at="2017-05-21T17:22:00Z" finished-at="2017-05-21T17:22:00Z">
          <reporter-output>
          </reporter-output>
        </test-method> <!-- beforeTest -->
        <test-method status="PASS" signature="f()[pri:0, instance:login.LoginTest@6d00a15d]" name="f" duration-ms="7" started-at="2017-05-21T17:22:00Z" finished-at="2017-05-21T17:22:00Z">
          <reporter-output>
          </reporter-output>
        </test-method> <!-- f -->
        <test-method status="PASS" signature="afterTest()[pri:0, instance:login.LoginTest@6d00a15d]" name="afterTest" is-config="true" duration-ms="0" started-at="2017-05-21T17:22:00Z" finished-at="2017-05-21T17:22:00Z">
          <reporter-output>
          </reporter-output>
        </test-method> <!-- afterTest -->
      </class> <!-- login.LoginTest -->
    </test> <!-- Test -->
  </suite> <!-- Suite -->
</testng-results>
